INFO [2022-04-07 10:06:37] Complete: Source Model Functions
INFO [2022-04-07 10:07:16] Start: Hydropop 3 Model Run. 1/4033
INFO [2022-04-07 10:07:17] Complete: Hydropop 3 Model Run. 1/4033. Data Saved.
INFO [2022-04-07 10:07:17] Start: Hydropop 5 Model Run. 2/4033
INFO [2022-04-07 10:07:19] Complete: Hydropop 5 Model Run. 2/4033. Data Saved.
INFO [2022-04-07 10:07:19] Start: Hydropop 6 Model Run. 3/4033
INFO [2022-04-07 10:07:20] Complete: Hydropop 6 Model Run. 3/4033. Data Saved.
INFO [2022-04-07 10:07:20] Start: Hydropop 8 Model Run. 4/4033
INFO [2022-04-07 10:07:22] Complete: Hydropop 8 Model Run. 4/4033. Data Saved.
INFO [2022-04-07 10:07:22] Start: Hydropop 12 Model Run. 5/4033
INFO [2022-04-07 10:07:23] Complete: Hydropop 12 Model Run. 5/4033. Data Saved.
INFO [2022-04-07 10:07:23] Start: Hydropop 13 Model Run. 6/4033
INFO [2022-04-07 10:07:25] Complete: Hydropop 13 Model Run. 6/4033. Data Saved.
INFO [2022-04-07 10:07:25] Start: Hydropop 14 Model Run. 7/4033
INFO [2022-04-07 10:07:26] Complete: Hydropop 14 Model Run. 7/4033. Data Saved.
INFO [2022-04-07 10:07:26] Start: Hydropop 15 Model Run. 8/4033
INFO [2022-04-07 10:07:28] Complete: Hydropop 15 Model Run. 8/4033. Data Saved.
INFO [2022-04-07 10:07:28] Start: Hydropop 16 Model Run. 9/4033
INFO [2022-04-07 10:07:29] Complete: Hydropop 16 Model Run. 9/4033. Data Saved.
INFO [2022-04-07 10:07:29] Start: Hydropop 17 Model Run. 10/4033
INFO [2022-04-07 10:07:31] Complete: Hydropop 17 Model Run. 10/4033. Data Saved.
INFO [2023-07-18 17:22:06] Complete: Location Specific parameters updated
INFO [2023-07-18 17:22:07] Complete: Data read in
INFO [2023-07-18 17:22:07] Start: Run Mosquito Model for HU-11230
INFO [2023-07-18 17:22:08] Complete: Run Mosquito Model for HU-11230
INFO [2023-07-18 17:22:08] Complete: Data saved for HU-11230
INFO [2023-07-18 17:22:08] SUCCESS
INFO [2023-07-18 17:23:58] Complete: Location Specific parameters updated
INFO [2023-07-18 17:23:59] Complete: Data read in
INFO [2023-07-18 17:23:59] Start: Run Mosquito Model for HU-11230
INFO [2023-07-18 17:24:00] Complete: Run Mosquito Model for HU-11230
INFO [2023-07-18 17:24:01] Complete: Data saved for HU-11230
INFO [2023-07-18 17:24:01] SUCCESS
INFO [2023-07-18 17:40:50] Complete: Location Specific parameters updated
INFO [2023-07-18 17:41:48] Complete: Location Specific parameters updated
INFO [2023-07-18 17:43:22] Complete: Location Specific parameters updated
INFO [2023-07-18 17:43:22] Complete: Data read in
INFO [2023-07-18 17:43:22] Start: Run Mosquito Model for HU-11230
INFO [2023-07-18 17:43:24] Complete: Run Mosquito Model for HU-11230
INFO [2023-07-18 17:43:24] Complete: Data saved for HU-11230
INFO [2023-07-18 17:43:24] SUCCESS
